<?xml version="1.0" encoding="UTF-8"?>
<!-- Generated by org.testng.reporters.JUnitXMLReporter -->
<testsuite hostname="san3149591" ignored="0" name="User" tests="3" failures="1" timestamp="16 Mar 2021 00:03:31 GMT" time="16.399" errors="0">
  <testcase name="createNewUser" time="12.084" classname="com.nagp.testcases.TC01_Users"/>
  <testcase name="updateTheUser" time="0.014" classname="com.nagp.testcases.TC01_Users">
    <failure type="java.lang.AssertionError" message="Properties file not found.">
      <![CDATA[java.lang.AssertionError: Properties file not found.
at com.nagp.testcases.TC01_Users.updateTheUser(TC01_Users.java:90)
... Removed 26 stack frames]]>
    </failure>
  </testcase> <!-- updateTheUser -->
  <testcase name="verifyToGetUser" time="3.244" classname="com.nagp.testcases.TC01_Users"/>
</testsuite> <!-- User -->
