<?xml version="1.0" encoding="UTF-8"?>
<testng-results skipped="0" failed="1" ignored="0" total="11" passed="10">
  <reporter-output>
  </reporter-output>
  <suite name="Suite" duration-ms="38826" started-at="2021-03-16T00:03:14Z" finished-at="2021-03-16T00:03:53Z">
    <groups>
    </groups>
    <test name="User" duration-ms="16399" started-at="2021-03-16T00:03:14Z" finished-at="2021-03-16T00:03:31Z">
      <class name="com.nagp.testcases.TC01_Users">
        <test-method status="PASS" signature="createNewUser(java.lang.String, java.lang.String, java.lang.String)[pri:1, instance:com.nagp.testcases.TC01_Users@210366b4]" name="createNewUser" duration-ms="12084" started-at="2021-03-16T00:03:15Z" description="Creating new User" data-provider="CreateUser" finished-at="2021-03-16T00:03:27Z">
          <params>
            <param index="0">
              <value>
                <![CDATA[qa1213]]>
              </value>
            </param>
            <param index="1">
              <value>
                <![CDATA[qas123w@gmail.com]]>
              </value>
            </param>
            <param index="2">
              <value>
                <![CDATA[123123123]]>
              </value>
            </param>
          </params>
          <reporter-output>
          </reporter-output>
        </test-method> <!-- createNewUser -->
        <test-method status="FAIL" signature="updateTheUser(java.lang.String, java.lang.String, java.lang.String, java.lang.String, java.lang.String, java.lang.String)[pri:2, instance:com.nagp.testcases.TC01_Users@210366b4]" name="updateTheUser" duration-ms="14" started-at="2021-03-16T00:03:27Z" description="Updating user details" data-provider="user" finished-at="2021-03-16T00:03:27Z">
          <params>
            <param index="0">
              <value>
                <![CDATA[qa12123]]>
              </value>
            </param>
            <param index="1">
              <value>
                <![CDATA[sanjeet.aot1@gmail.com]]>
              </value>
            </param>
            <param index="2">
              <value>
                <![CDATA[12312345]]>
              </value>
            </param>
            <param index="3">
              <value>
                <![CDATA[Twitter_Username]]>
              </value>
            </param>
            <param index="4">
              <value>
                <![CDATA[Facebook_name]]>
              </value>
            </param>
            <param index="5">
              <value>
                <![CDATA[Twitter]]>
              </value>
            </param>
          </params>
          <exception class="java.lang.AssertionError">
            <message>
              <![CDATA[Properties file not found.]]>
            </message>
            <full-stacktrace>
              <![CDATA[java.lang.AssertionError: Properties file not found.
at org.testng.Assert.fail(Assert.java:96)
at com.nagp.testcases.TC01_Users.updateTheUser(TC01_Users.java:90)
at sun.reflect.NativeMethodAccessorImpl.invoke0(Native Method)
at sun.reflect.NativeMethodAccessorImpl.invoke(Unknown Source)
at sun.reflect.DelegatingMethodAccessorImpl.invoke(Unknown Source)
at java.lang.reflect.Method.invoke(Unknown Source)
at org.testng.internal.MethodInvocationHelper.invokeMethod(MethodInvocationHelper.java:124)
at org.testng.internal.Invoker.invokeMethod(Invoker.java:583)
at org.testng.internal.Invoker.invokeTestMethod(Invoker.java:719)
at org.testng.internal.Invoker.invokeTestMethods(Invoker.java:989)
at org.testng.internal.TestMethodWorker.invokeTestMethods(TestMethodWorker.java:125)
at org.testng.internal.TestMethodWorker.run(TestMethodWorker.java:109)
at org.testng.TestRunner.privateRun(TestRunner.java:648)
at org.testng.TestRunner.run(TestRunner.java:505)
at org.testng.SuiteRunner.runTest(SuiteRunner.java:455)
at org.testng.SuiteRunner.runSequentially(SuiteRunner.java:450)
at org.testng.SuiteRunner.privateRun(SuiteRunner.java:415)
at org.testng.SuiteRunner.run(SuiteRunner.java:364)
at org.testng.SuiteRunnerWorker.runSuite(SuiteRunnerWorker.java:52)
at org.testng.SuiteRunnerWorker.run(SuiteRunnerWorker.java:84)
at org.testng.TestNG.runSuitesSequentially(TestNG.java:1208)
at org.testng.TestNG.runSuitesLocally(TestNG.java:1137)
at org.testng.TestNG.runSuites(TestNG.java:1049)
at org.testng.TestNG.run(TestNG.java:1017)
at org.testng.remote.AbstractRemoteTestNG.run(AbstractRemoteTestNG.java:114)
at org.testng.remote.RemoteTestNG.initAndRun(RemoteTestNG.java:251)
at org.testng.remote.RemoteTestNG.main(RemoteTestNG.java:77)
]]>
            </full-stacktrace>
          </exception> <!-- java.lang.AssertionError -->
          <reporter-output>
          </reporter-output>
        </test-method> <!-- updateTheUser -->
        <test-method status="PASS" signature="verifyToGetUser()[pri:3, instance:com.nagp.testcases.TC01_Users@210366b4]" name="verifyToGetUser" duration-ms="3244" started-at="2021-03-16T00:03:27Z" description="get user details" finished-at="2021-03-16T00:03:31Z">
          <reporter-output>
          </reporter-output>
        </test-method> <!-- verifyToGetUser -->
      </class> <!-- com.nagp.testcases.TC01_Users -->
    </test> <!-- User -->
    <test name="Quotes" duration-ms="12140" started-at="2021-03-16T00:03:31Z" finished-at="2021-03-16T00:03:43Z">
      <class name="com.nagp.testcases.TC02_Quotes">
        <test-method status="PASS" signature="verifyToAddAQuote(java.lang.String, java.lang.String)[pri:1, instance:com.nagp.testcases.TC02_Quotes@50b494a6]" name="verifyToAddAQuote" duration-ms="3193" started-at="2021-03-16T00:03:31Z" description="Add new Quote to your list" data-provider="post" finished-at="2021-03-16T00:03:34Z">
          <params>
            <param index="0">
              <value>
                <![CDATA[sanjeet]]>
              </value>
            </param>
            <param index="1">
              <value>
                <![CDATA[Jesaa hello world]]>
              </value>
            </param>
          </params>
          <reporter-output>
          </reporter-output>
        </test-method> <!-- verifyToAddAQuote -->
        <test-method status="PASS" signature="verifyToHideTheQuotes()[pri:2, instance:com.nagp.testcases.TC02_Quotes@50b494a6]" name="verifyToHideTheQuotes" duration-ms="2940" started-at="2021-03-16T00:03:34Z" description="Hide the added Quote" finished-at="2021-03-16T00:03:37Z">
          <reporter-output>
          </reporter-output>
        </test-method> <!-- verifyToHideTheQuotes -->
        <test-method status="PASS" signature="verifyUnHideTheQuotes()[pri:3, instance:com.nagp.testcases.TC02_Quotes@50b494a6]" name="verifyUnHideTheQuotes" duration-ms="2822" started-at="2021-03-16T00:03:37Z" description="UnHide the quotes" finished-at="2021-03-16T00:03:40Z">
          <reporter-output>
          </reporter-output>
        </test-method> <!-- verifyUnHideTheQuotes -->
        <test-method status="PASS" signature="verifyToMakeFavouriteQuotes()[pri:4, instance:com.nagp.testcases.TC02_Quotes@50b494a6]" name="verifyToMakeFavouriteQuotes" duration-ms="3113" started-at="2021-03-16T00:03:40Z" description="Add quote into your favourite list" finished-at="2021-03-16T00:03:43Z">
          <reporter-output>
          </reporter-output>
        </test-method> <!-- verifyToMakeFavouriteQuotes -->
      </class> <!-- com.nagp.testcases.TC02_Quotes -->
    </test> <!-- Quotes -->
    <test name="Activity" duration-ms="10231" started-at="2021-03-16T00:03:43Z" finished-at="2021-03-16T00:03:53Z">
      <class name="com.nagp.testcases.TC03_Activity">
        <test-method status="PASS" signature="getAllActivities()[pri:1, instance:com.nagp.testcases.TC03_Activity@22a67b4]" name="getAllActivities" duration-ms="2957" started-at="2021-03-16T00:03:43Z" description="gettting all activity" finished-at="2021-03-16T00:03:46Z">
          <reporter-output>
          </reporter-output>
        </test-method> <!-- getAllActivities -->
        <test-method status="PASS" signature="followActivity()[pri:2, instance:com.nagp.testcases.TC03_Activity@22a67b4]" name="followActivity" duration-ms="2205" started-at="2021-03-16T00:03:46Z" description="Follow the Activity" finished-at="2021-03-16T00:03:48Z">
          <reporter-output>
          </reporter-output>
        </test-method> <!-- followActivity -->
        <test-method status="PASS" signature="unfollowActivity()[pri:3, instance:com.nagp.testcases.TC03_Activity@22a67b4]" name="unfollowActivity" duration-ms="2763" started-at="2021-03-16T00:03:48Z" description="UnFollow the activity" finished-at="2021-03-16T00:03:51Z">
          <reporter-output>
          </reporter-output>
        </test-method> <!-- unfollowActivity -->
        <test-method status="PASS" signature="deleteActivity()[pri:4, instance:com.nagp.testcases.TC03_Activity@22a67b4]" name="deleteActivity" duration-ms="2294" started-at="2021-03-16T00:03:51Z" description="delete the activity" finished-at="2021-03-16T00:03:53Z">
          <reporter-output>
          </reporter-output>
        </test-method> <!-- deleteActivity -->
      </class> <!-- com.nagp.testcases.TC03_Activity -->
    </test> <!-- Activity -->
  </suite> <!-- Suite -->
</testng-results>
